<?xml version="1.0" encoding="UTF-8"?>
<!-- Generated by org.testng.reporters.JUnitReportReporter -->
<testsuite hostname="sara" failures="0" tests="1" name="test.AddCustomerTest" time="15.723" errors="0" timestamp="2023-12-16T02:43:40 EST" skipped="0">
  <testcase classname="test.AddCustomerTest" name="userShouldBeAbleToAddCustometr" time="15.723"/>
</testsuite> <!-- test.AddCustomerTest -->
