<?xml version="1.0" encoding="UTF-8"?>
<!-- Generated by org.testng.reporters.JUnitReportReporter -->
<testsuite hostname="sara" failures="0" tests="1" name="util.BrowseFactory" time="3.173" errors="0" timestamp="2023-12-14T23:45:44 EST" skipped="0">
  <testcase classname="util.BrowseFactory" name="init" time="3.173"/>
</testsuite> <!-- util.BrowseFactory -->
