<?xml version="1.0" encoding="UTF-8"?>
<!-- Generated by org.testng.reporters.JUnitReportReporter -->
<testsuite hostname="sara" failures="0" tests="1" name="test.LogingTest" time="12.531" errors="0" timestamp="2023-12-19T22:14:37 EST" skipped="0">
  <testcase classname="test.LogingTest" name="ValidUserSouldBeAbleToLogin" time="12.531"/>
</testsuite> <!-- test.LogingTest -->
